  Statistici.cpp
  proiect2.cpp
C:\Users\ioana\Desktop\Unibuc\POO\New folder\proiect2.cpp(78,25): warning C4244: 'argument': conversion from 'time_t' to 'unsigned int', possible loss of data
C:\Users\ioana\Desktop\Unibuc\POO\New folder\proiect2.cpp(234,80): warning C4244: 'argument': conversion from 'float' to 'int', possible loss of data
C:\Users\ioana\Desktop\Unibuc\POO\New folder\proiect2.cpp(234,65): warning C4244: 'argument': conversion from 'float' to 'int', possible loss of data
C:\Users\ioana\Desktop\Unibuc\POO\New folder\proiect2.cpp(234,54): warning C4244: 'argument': conversion from 'float' to 'int', possible loss of data
C:\Users\ioana\Desktop\Unibuc\POO\New folder\proiect2.cpp(234,43): warning C4244: 'argument': conversion from 'float' to 'int', possible loss of data
C:\Users\ioana\Desktop\Unibuc\POO\New folder\proiect2.cpp(235,71): warning C4244: 'argument': conversion from 'float' to 'int', possible loss of data
C:\Users\ioana\Desktop\Unibuc\POO\New folder\proiect2.cpp(235,56): warning C4244: 'argument': conversion from 'float' to 'int', possible loss of data
C:\Users\ioana\Desktop\Unibuc\POO\New folder\proiect2.cpp(650,53): warning C4244: 'argument': conversion from 'float' to 'int', possible loss of data
C:\Users\ioana\Desktop\Unibuc\POO\New folder\proiect2.cpp(650,44): warning C4244: 'argument': conversion from 'float' to 'int', possible loss of data
C:\Users\ioana\Desktop\Unibuc\POO\New folder\proiect2.cpp(651,53): warning C4244: 'argument': conversion from 'float' to 'int', possible loss of data
C:\Users\ioana\Desktop\Unibuc\POO\New folder\proiect2.cpp(651,44): warning C4244: 'argument': conversion from 'float' to 'int', possible loss of data
C:\Users\ioana\Desktop\Unibuc\POO\New folder\proiect2.cpp(652,53): warning C4244: 'argument': conversion from 'float' to 'int', possible loss of data
C:\Users\ioana\Desktop\Unibuc\POO\New folder\proiect2.cpp(652,44): warning C4244: 'argument': conversion from 'float' to 'int', possible loss of data
C:\Users\ioana\Desktop\Unibuc\POO\New folder\proiect2.cpp(653,53): warning C4244: 'argument': conversion from 'float' to 'int', possible loss of data
C:\Users\ioana\Desktop\Unibuc\POO\New folder\proiect2.cpp(653,44): warning C4244: 'argument': conversion from 'float' to 'int', possible loss of data
C:\Users\ioana\Desktop\Unibuc\POO\New folder\proiect2.cpp(684,67): warning C4244: 'argument': conversion from 'float' to 'int', possible loss of data
C:\Users\ioana\Desktop\Unibuc\POO\New folder\proiect2.cpp(684,57): warning C4244: 'argument': conversion from 'float' to 'int', possible loss of data
C:\Users\ioana\Desktop\Unibuc\POO\New folder\proiect2.cpp(689,77): warning C4244: 'argument': conversion from 'float' to 'int', possible loss of data
C:\Users\ioana\Desktop\Unibuc\POO\New folder\proiect2.cpp(689,65): warning C4244: 'argument': conversion from 'float' to 'int', possible loss of data
C:\Users\ioana\Desktop\Unibuc\POO\New folder\proiect2.cpp(476,21): warning C4996: 'strcpy': This function or variable may be unsafe. Consider using strcpy_s instead. To disable deprecation, use _CRT_SECURE_NO_WARNINGS. See online help for details.
C:\Users\ioana\Desktop\Unibuc\POO\New folder\proiect2.cpp(477,21): warning C4996: 'strcat': This function or variable may be unsafe. Consider using strcat_s instead. To disable deprecation, use _CRT_SECURE_NO_WARNINGS. See online help for details.
C:\Users\ioana\Desktop\Unibuc\POO\New folder\proiect2.cpp(695,25): warning C4996: 'strcpy': This function or variable may be unsafe. Consider using strcpy_s instead. To disable deprecation, use _CRT_SECURE_NO_WARNINGS. See online help for details.
C:\Users\ioana\Desktop\Unibuc\POO\New folder\proiect2.cpp(698,29): warning C4996: 'strcat': This function or variable may be unsafe. Consider using strcat_s instead. To disable deprecation, use _CRT_SECURE_NO_WARNINGS. See online help for details.
C:\Users\ioana\Desktop\Unibuc\POO\New folder\proiect2.cpp(722,25): warning C4996: 'strcpy': This function or variable may be unsafe. Consider using strcpy_s instead. To disable deprecation, use _CRT_SECURE_NO_WARNINGS. See online help for details.
C:\Users\ioana\Desktop\Unibuc\POO\New folder\proiect2.cpp(723,25): warning C4996: 'strcat': This function or variable may be unsafe. Consider using strcat_s instead. To disable deprecation, use _CRT_SECURE_NO_WARNINGS. See online help for details.
  Generating Code...
  proiect.vcxproj -> C:\Users\ioana\Desktop\Unibuc\POO\New folder\x64\Debug\proiect.exe
  'pwsh.exe' is not recognized as an internal or external command,
  operable program or batch file.
